<?xml version="1.0" encoding="UTF-8"?>
<!-- Generated by org.testng.reporters.JUnitXMLReporter -->
<testsuite ignored="4" hostname="DESKTOP-7O26A2K" failures="0" tests="5" name="Test" time="11.818" errors="0" timestamp="2025-05-24T19:25:24 IST">
  <testcase classname="org.groups.Program1" name="popClose" time="0.27"/>
  <testcase classname="org.groups.Program1" name="search" time="1.192"/>
  <testcase classname="org.groups.Program1" name="productSelect" time="2.655"/>
  <testcase classname="org.groups.Program1" name="productAddToCart" time="2.252"/>
  <testcase classname="org.groups.Program1" name="Cart" time="3.518"/>
  <testcase classname="org.groups.Program1" name="placeOrder" time="0.0">
    <ignored/>
  </testcase> <!-- placeOrder -->
  <testcase classname="org.groups.Program1" name="productImages" time="0.0">
    <ignored/>
  </testcase> <!-- productImages -->
  <testcase classname="org.groups.Program1" name="login" time="0.0">
    <ignored/>
  </testcase> <!-- login -->
  <testcase classname="org.groups.Program1" name="productBuy" time="0.0">
    <ignored/>
  </testcase> <!-- productBuy -->
</testsuite> <!-- Test -->
