<?xml version="1.0" encoding="UTF-8"?>
<!-- Generated by org.testng.reporters.JUnitXMLReporter -->
<testsuite ignored="0" hostname="Shogan-PC" failures="0" tests="4" name="Test" time="9.355" errors="0" timestamp="2025-06-05T11:18:13 IST">
  <testcase classname="org.adactin.AdactinSite" name="Program" time="0.751"/>
  <testcase classname="org.adactin.AdactinLogin" name="Program" time="2.475"/>
  <testcase classname="org.adactin.AdactinLogin" name="Program" time="2.557"/>
  <testcase classname="org.adactin.AdactinLogin" name="Program" time="2.581"/>
</testsuite> <!-- Test -->
