<?xml version="1.0" encoding="UTF-8"?>
<testng-results ignored="0" total="1" passed="1" failed="0" skipped="0">
  <reporter-output>
  </reporter-output>
  <suite started-at="2025-06-18T11:19:33 IST" name="Default suite" finished-at="2025-06-18T11:19:42 IST" duration-ms="8659">
    <groups>
    </groups>
    <test started-at="2025-06-18T11:19:33 IST" name="Default test" finished-at="2025-06-18T11:19:42 IST" duration-ms="8659">
      <class name="org.windows.Windows">
        <test-method signature="handling()[pri:0, instance:org.windows.Windows@1c5920df]" started-at="2025-06-18T11:19:33 IST" name="handling" finished-at="2025-06-18T11:19:42 IST" duration-ms="8581" status="PASS">
          <reporter-output>
          </reporter-output>
        </test-method> <!-- handling -->
      </class> <!-- org.windows.Windows -->
    </test> <!-- Default test -->
  </suite> <!-- Default suite -->
</testng-results>
